<?xml version="1.0" encoding="UTF-8"?>
<!-- Generated by org.testng.reporters.JUnitReportReporter -->
<testsuite hostname="LpEdGe" failures="0" tests="2" name="tests.transferencia.Transferencia_propia_test" time="21.332" errors="0" timestamp="2023-11-13T09:53:30 CST" skipped="0">
  <testcase classname="tests.transferencia.Transferencia_propia_test" name="TransferenciaPropiaTest" time="9.749"/>
  <system-out/>
  <testcase classname="tests.transferencia.Transferencia_propia_test" name="TransferenciaPropiaTest" time="11.583"/>
  <system-out/>
</testsuite> <!-- tests.transferencia.Transferencia_propia_test -->
