<?xml version="1.0" encoding="UTF-8"?>
<!-- Generated by org.testng.reporters.JUnitReportReporter -->
<testsuite hostname="LpEdGe" failures="0" tests="2" name="tests.transferencia.Transferencia_propia_test" time="28.731" errors="0" timestamp="2023-11-14T09:18:19 CST" skipped="0">
  <testcase classname="tests.transferencia.Transferencia_propia_test" name="TransferenciaPropiaTest" time="14.296"/>
  <testcase classname="tests.transferencia.Transferencia_propia_test" name="TransferenciaPropiaTest" time="14.435"/>
</testsuite> <!-- tests.transferencia.Transferencia_propia_test -->
