<?xml version="1.0" encoding="UTF-8"?>
<!-- Generated by org.testng.reporters.JUnitReportReporter -->
<testsuite hostname="LpEdGe" failures="0" tests="1" name="tests.Login_test" time="21.392" errors="0" timestamp="2023-11-13T09:53:30 CST" skipped="0">
  <testcase classname="tests.Login_test" name="LoginTest" time="21.392"/>
  <system-out/>
</testsuite> <!-- tests.Login_test -->
