<?xml version="1.0" encoding="UTF-8"?>
<!-- Generated by org.testng.reporters.JUnitReportReporter -->
<testsuite hostname="LpEdGe" failures="0" tests="1" name="tests.Login_test" time="17.029" errors="0" timestamp="2023-11-14T09:18:19 CST" skipped="0">
  <testcase classname="tests.Login_test" name="LoginTest" time="17.029"/>
</testsuite> <!-- tests.Login_test -->
